<?xml version="1.0" encoding="UTF-8"?>
<testng-results skipped="0" failed="0" ignored="0" total="1" passed="1">
  <reporter-output>
  </reporter-output>
  <suite name="Default suite" duration-ms="130738" started-at="2022-10-17T11:12:44Z" finished-at="2022-10-17T11:14:54Z">
    <groups>
      <group name="cucumber">
        <method signature="AbstractTestNGCucumberTests.feature(cucumber.api.testng.CucumberFeatureWrapper)[pri:0, instance:testrunners.BookHotelTest@4cf777e8]" name="feature" class="cucumber.api.testng.AbstractTestNGCucumberTests"/>
      </group> <!-- cucumber -->
    </groups>
    <test name="Default test" duration-ms="130738" started-at="2022-10-17T11:12:44Z" finished-at="2022-10-17T11:14:54Z">
      <class name="testrunners.BookHotelTest">
        <test-method status="PASS" signature="setUpClass()[pri:0, instance:testrunners.BookHotelTest@4cf777e8]" name="setUpClass" is-config="true" duration-ms="204" started-at="2022-10-17T11:12:44Z" finished-at="2022-10-17T11:12:44Z">
          <reporter-output>
          </reporter-output>
        </test-method> <!-- setUpClass -->
        <test-method status="PASS" signature="feature(cucumber.api.testng.CucumberFeatureWrapper)[pri:0, instance:testrunners.BookHotelTest@4cf777e8]" name="feature" duration-ms="129500" started-at="2022-10-17T11:12:44Z" description="Runs Cucumber Feature" data-provider="features" finished-at="2022-10-17T11:14:53Z">
          <params>
            <param index="0">
              <value>
                <![CDATA[Book Hotel]]>
              </value>
            </param>
          </params>
          <reporter-output>
          </reporter-output>
        </test-method> <!-- feature -->
        <test-method status="PASS" signature="tearDownClass()[pri:0, instance:testrunners.BookHotelTest@4cf777e8]" name="tearDownClass" is-config="true" duration-ms="933" started-at="2022-10-17T11:14:53Z" finished-at="2022-10-17T11:14:54Z">
          <reporter-output>
          </reporter-output>
        </test-method> <!-- tearDownClass -->
      </class> <!-- testrunners.BookHotelTest -->
    </test> <!-- Default test -->
  </suite> <!-- Default suite -->
</testng-results>
